738 0.465322 0.0239052 189.619 35955.2 1554.62 2.41686e+06 -0.00353774 1.26027e-08 -5.60839e-07 738 1586 1543.6 1586 0 0.0168546 0.000284076 0.032823 0.00107735 104.36 1.35652e+07 71951.2 0.011059 0.050586 0.0284161 0.018534 0.00686 1 
0 0 0 387.831 150413 1487.97 2.21405e+06 -0.00292894 3.41866e-10 -4.08843e-08 101 1586 1439.15 1586 0 0.0190419 0.000362593 0.049051 0.002406 -32.2825 1.76222e+07 -14238.7 0.016282 0.080742 0.0454042 0.049306 0.003175 1 
101 0.0636822 0.00340859 351.826 123781 1520.72 2.31258e+06 -0.00253148 7.87394e-10 -7.21141e-08 101 1586 1481.55 1586 0 0.0162722 0.000264784 0.0673781 0.0045398 23.7793 1.43079e+07 26449.6 0.047411 0.085146 0.0654848 0.063386 0.015975 1 
0 0 0 415.313 172485 1482.73 2.19848e+06 -0.0027759 2.21896e-10 -3.10489e-08 101 1586 1426.4 1586 0 0.0192903 0.000372117 0.0860772 0.00740928 0.65826 1.66957e+07 5002.32 0.051814 0.114944 0.0839986 0.083917 0.003175 1 
0 0 0 411.723 169515 1488.23 2.21482e+06 -0.00270595 2.53943e-10 -3.3929e-08 79 1586 1433.1 1586 0 0.0161363 0.000260381 0.103047 0.0106186 -136.239 1.44373e+07 -42994.7 0.082022 0.118733 0.101839 0.113664 0.005069 1 
0 0 0 447.823 200545 1452.01 2.10833e+06 -0.00300905 1.21782e-10 -2.04002e-08 79 1586 1384.85 1586 0 0.0167665 0.000281117 0.120978 0.0146358 24.6997 3.67196e+07 15141.8 0.086477 0.147968 0.11987 0.117555 0.003021 1 
0 0 0 390.461 152460 1511.11 2.28345e+06 -0.00243212 3.85726e-10 -4.52799e-08 79 1586 1462.4 1586 0 0.0158622 0.000251609 0.136105 0.0185246 -136.685 1.54574e+07 -43545 0.116122 0.152166 0.135224 0.146688 0.005478 1 
0 0 0 404.788 163853 1482.75 2.19856e+06 -0.00286903 2.51626e-10 -3.35629e-08 101 1586 1429.3 1586 0 0.0183815 0.000337878 0.156424 0.0244685 40.0311 2.02278e+07 -4345.71 0.119962 0.182477 0.155395 0.150886 0.004198 1 
101 0.0636822 0.00353307 404.683 163768 1482.77 2.19862e+06 -0.00286961 2.52043e-10 -3.35982e-08 101 1586 1429.35 1586 0 0.0157313 0.000247474 0.171944 0.0295647 -117.372 2.0334e+07 -120161 0.149094 0.186829 0.171259 0.180941 0.005222 1 
622 0.392182 0.0212497 386.253 149192 1511.2 2.28371e+06 -0.00246227 3.98885e-10 -4.65647e-08 101 1586 1463.55 1586 0 0.016844 0.000283722 0.194662 0.0378934 89.0272 1.69086e+07 92012.9 0.169318 0.217549 0.193969 0.185549 0.005274 1 
0 0 0 280.639 78758.5 1519.82 2.30985e+06 -0.00346629 1.20148e-09 -1.12528e-07 622 1586 1495 1586 0 0.0195083 0.000380576 0.211585 0.0447682 -44.8772 1.52553e+07 6172.26 0.183706 0.248166 0.210729 0.216422 0.003584 1 
730 0.460277 0.0236522 191.407 36636.8 1554.44 2.41627e+06 -0.00350467 1.21382e-08 -5.45261e-07 730 1586 1543.2 1586 0 0.0167785 0.000281518 0.232864 0.0542257 124.886 1.24031e+07 38502.1 0.21463 0.25303 0.232289 0.22057 0.00594 1 
0 0 0 397.085 157677 1483.96 2.20214e+06 -0.00291863 2.83558e-10 -3.61635e-08 101 1586 1432.6 1586 0 0.0192763 0.000371577 0.251011 0.0630064 -11.654 1.69217e+07 -18878.2 0.218726 0.28201 0.250307 0.25175 0.003584 1 
101 0.0636822 0.0034228 361.947 131006 1516.99 2.30126e+06 -0.00253272 6.3067e-10 -6.24017e-08 101 1586 1475.4 1586 0 0.0159834 0.000255468 0.269409 0.0725815 -138.232 1.56638e+07 -19039 0.249446 0.287744 0.268959 0.28073 0.012442 1 
0 0 0 418.145 174845 1479.64 2.18932e+06 -0.00280706 2.03701e-10 -2.92974e-08 101 1586 1422.4 1586 0 0.0179796 0.000323268 0.288706 0.0833514 14.9235 2.22241e+07 -2602.83 0.254259 0.314931 0.288174 0.286566 0.005171 1 
526 0.331652 0.0176836 304.855 92936.5 1516.64 2.3002e+06 -0.00318766 8.70897e-10 -8.81202e-08 526 1586 1487.25 1586 0 0.0150313 0.000225941 0.304455 0.0926929 -128.153 2.18882e+07 -105981 0.283341 0.319488 0.304102 0.313754 0.005068 1 
78 0.0491803 0.00280687 439.075 192787 1453.86 2.11372e+06 -0.00305856 1.37841e-10 -2.20825e-08 78 1586 1389.45 1586 0 0.0159585 0.000254675 0.323272 0.104505 55.2452 3.83554e+07 92528.2 0.288973 0.349491 0.322898 0.318208 0.00384 1 
78 0.0491803 0.00275035 396.474 157191 1469.71 2.16006e+06 -0.00320629 2.9196e-10 -3.60718e-08 78 1586 1418 1586 0 0.0160635 0.000258037 0.337791 0.114103 -115.247 1.64186e+07 -82865.9 0.316262 0.353843 0.337428 0.347341 0.005837 1 
101 0.0636822 0.00357674 465.222 216431 1482.93 2.19907e+06 -0.00241324 1.40014e-10 -2.25269e-08 78 1586 1411.9 1586 0 0.0160734 0.000258354 0.358481 0.128509 64.7454 3.55368e+07 -28611 0.320358 0.379904 0.358139 0.352563 0.005837 1 
0 0 0 411.802 169581 1486.47 2.20958e+06 -0.00273763 2.43365e-10 -3.31208e-08 101 1586 1431.25 1586 0 0.0156672 0.000245462 0.373179 0.139263 -71.6139 4.33769e+07 20707.1 0.35072 0.41047 0.372867 0.378726 0.004199 1 
1465 0.951299 0.0527016 449.487 202038 1457.31 2.12376e+06 -0.00222878 1.7886e-10 -2.71218e-08 72 1540 1389.9 1540 0 0.0200458 0.000401834 8.95812 80.2479 -47.8608 2.50271e+07 -155688 8.90675 8.98212 8.9581 8.96451 0.011674 1 
1465 0.951299 0.047681 16.7705 281.25 1536.34 2.36033e+06 -0.04 0.000205969 -0.000810667 1465 1540 1536.25 1540 0 0.0115888 0.0001343 8.97533 80.5565 -92.4125 9.42543e+07 -155768 8.95406 8.99154 8.97532 8.97946 0.009626 1 
0 0 0 284.349 80854.5 1471.39 2.16498e+06 -0.003523 1.26794e-09 -1.12809e-07 474 1540 1445.05 1540 0 0.0164703 0.000271272 8.99257 80.8663 40.6519 2.25396e+07 91122.1 8.96983 9.01898 8.99255 8.98888 0.009421 1 
0 0 0 392.784 154280 1435.4 2.06036e+06 -0.00304512 2.27918e-10 -3.30966e-08 232 1540 1383.4 1540 0 0.017502 0.000306321 9.00995 81.1791 -62.5793 1.95158e+07 -10212.1 8.98478 9.04581 9.00993 9.01632 0.009216 1 
0 0 0 335.093 112287 1432.58 2.05228e+06 -0.00387801 6.23706e-10 -6.28937e-08 232 1540 1394.85 1540 0 0.025249 0.000637514 9.03705 81.6682 54.0174 5.58069e+06 53004.7 9.00977 9.08657 9.03701 9.02554 0.012083 1 
0 0 0 683.8 467582 1146.6 1.31469e+06 -0.00272038 4.91828e-12 -1.01143e-09 106 1540 933 1357 183 0.0301896 0.000911409 9.06468 82.1684 -63.4348 1.58693e+06 -7227.76 9.02164 9.10234 9.06463 9.0839 0.021914 1 
1108 0.719481 0.0753383 674.344 454740 986.277 972742 0.00132834 5.01079e-12 6.47221e-10 106 1540 735.35 534 428 0.0202435 0.0004098 9.09266 82.6765 -44.0062 1.67916e+07 -99169.6 9.04847 9.11913 9.09264 9.09865 0.011674 1 
107 0.0694805 0.00778692 689.128 474897 960.828 923190 0.00353161 4.89812e-12 1.10991e-09 106 1540 687.05 128 22 0.0181289 0.000328656 9.11405 83.0659 -22.2438 2.20114e+07 94952.9 9.08739 9.14923 9.11403 9.11647 0.013721 1 
0 0 0 607.503 369060 1282.61 1.64508e+06 -0.00326979 1.34146e-11 -3.84519e-09 107 1540 1137.75 1540 0 0.0234659 0.00055065 9.13643 83.4744 -55.399 6.22484e+06 23976.3 9.10336 9.18118 9.1364 9.14657 0.024986 1 
541 0.351299 0.0226682 586.801 344335 1323.29 1.75108e+06 -0.0030206 1.89475e-11 -5.35545e-09 107 1540 1193.3 1540 0 0.0245175 0.000601109 9.16267 83.9545 36.2351 4.78123e+06 -15909.2 9.12159 9.20105 9.16264 9.15538 0.027239 1 
0 0 0 476.609 227156 1394.78 1.94542e+06 -0.00296954 7.38874e-11 -1.46822e-08 131 1540 1315.15 1540 0 0.0233214 0.00054389 9.19011 84.4581 11.8072 5.84195e+06 -22479.5 9.1519 9.21969 9.19008 9.18794 0.024986 1 
0 0 0 454.977 207004 1402.31 1.96649e+06 -0.00303834 1.03941e-10 -1.8383e-08 131 1540 1330.35 1540 0 0.0216822 0.00047012 9.21515 84.9191 -12.0885 8.56848e+06 12351 9.18385 9.2502 9.21513 9.21702 0.015974 1 
845 0.548701 0.0280684 155.407 24151.3 1512.85 2.28872e+06 -0.00431655 2.79324e-08 -1.01876e-06 845 1540 1505.25 1540 0 0.0181215 0.000328389 9.23741 85.3297 -92.7035 1.01443e+07 -24399.6 9.21293 9.25962 9.23739 9.24754 0.012083 1 
0 0 0 368.974 136142 1425.61 2.03236e+06 -0.00353674 3.72738e-10 -4.2974e-08 136 1540 1379.5 1540 0 0.0169373 0.000286873 9.25752 85.7016 5.67585 3.31387e+07 -50136.7 9.22235 9.2844 9.2575 9.25696 0.008602 1 
136 0.0883117 0.0048082 348.124 121191 1454.38 2.11523e+06 -0.00311287 6.43552e-10 -6.32836e-08 136 1540 1414.25 1540 0 0.015033 0.000225992 9.27442 86.0149 -97.331 2.35412e+07 -47439.1 9.25307 9.29382 9.27441 9.28174 0.012083 1 
714 0.463636 0.0258921 372.492 138750 1425.8 2.0329e+06 -0.0034854 3.53857e-10 -4.17535e-08 136 1540 1378.8 1540 0 0.0164801 0.000271592 9.29392 86.3769 30.3096 2.54328e+07 28591.9 9.26556 9.31901 9.29391 9.29116 0.009421 1 
0 0 0 314.492 98905 1448.9 2.0993e+06 -0.00375815 6.0349e-10 -6.71598e-08 450 1540 1416.1 1540 0 0.0166434 0.000277003 9.311 86.6947 -58.1122 2.62862e+07 6732.31 9.28707 9.34707 9.31099 9.31635 0.009421 1 
450 0.292208 0.0155796 297.96 88780.2 1473.11 2.17005e+06 -0.00323721 1.01635e-09 -9.69058e-08 450 1540 1444.2 1540 0 0.0166595 0.000277538 9.33245 87.0947 72.0557 1.56447e+07 62154.3 9.31226 9.35649 9.33244 9.32577 0.012083 1 
0 0 0 320.793 102908 1450.99 2.10537e+06 -0.00358864 5.94013e-10 -6.63815e-08 450 1540 1416.9 1540 0 0.0176781 0.000312516 9.34999 87.4222 -35.0963 2.19956e+07 -32395.3 9.32168 9.38168 9.34997 9.35363 0.006758 1 
1108 0.719481 0.0376512 226.658 51373.9 1487.89 2.21382e+06 -0.00400592 4.26679e-09 -2.59556e-07 600 1540 1471.4 1540 0 0.0154347 0.000238231 9.36959 87.7892 66.7986 2.02941e+07 34166 9.34973 9.3909 9.36958 9.36427 0.014541 1 
0 0 0 598.761 358515 1390.59 1.93374e+06 -0.00244174 2.28201e-11 -6.47018e-09 95 1554 1262.2 1554 0 0.00113168 1.2807e-06 0.0152002 0.000231045 1691.5 9.69469e+11 5.57653e+08 0.014438 0.016845 0.0151601 0.014438 0 0 
0 0 0 0 0 1554 2.41492e+06 nan nan nan 1554 1554 1554 1554 0 0.00138112 1.90749e-06 0.0162172 0.000262998 -1075.36 4.43043e+11 -6.40285e+07 0.014438 0.018432 0.0161612 0.016845 0 0 
0 0 0 0 0 1554 2.41492e+06 nan nan nan 1554 1554 1554 1554 0 0.00108921 1.18638e-06 0.0177496 0.000315049 2207.18 1.62253e+12 5.87043e+08 0.016845 0.020019 0.0177179 0.016845 0 0 
0 0 0 535.123 286357 1410.71 1.9901e+06 -0.0025484 4.91781e-11 -1.10198e-08 95 1554 1310.75 1554 0 0.00621189 3.85876e-05 0.0219633 0.000482387 208.381 2.83604e+09 7.11081e+06 0.016845 0.036045 0.0211123 0.018432 0.001587 0 
0 0 0 596.182 355433 1367.41 1.86981e+06 -0.00266886 2.18463e-11 -6.12526e-09 95 1554 1237.8 1554 0 0.00845843 7.15451e-05 0.0287995 0.00082941 -253.424 1.81636e+08 -4424.84 0.018432 0.036045 0.0275942 0.033638 0.013619 0 
0 0 0 596.182 355433 1367.41 1.86981e+06 -0.00266886 2.18463e-11 -6.12526e-09 95 1554 1237.8 1554 0 0.00606398 3.67718e-05 0.0343858 0.00118238 -177.119 3.06545e+09 -7.61007e+06 0.020019 0.0384 0.033874 0.036045 0 0 
0 0 0 0 0 1554 2.41492e+06 nan nan nan 1554 1554 1554 1554 0 0.00120809 1.45948e-06 0.0372411 0.0013869 -2420.38 4.23692e+11 -5.96046e-09 0.036045 0.0384 0.0372225 0.0384 0.002355 0 
0 0 0 0 0 1554 2.41492e+06 nan nan nan 1554 1554 1554 1554 0 0.00103698 1.07533e-06 0.0383058 0.00146733 -300.047 3.02749e+12 -1.17695e+09 0.036045 0.039219 0.0382924 0.0384 0 0 
0 0 0 146.239 21385.8 1527.96 2.33467e+06 -0.00458716 3.56235e-08 -1.22262e-06 900 1554 1521.3 1554 0 0.00100234 1.00468e-06 0.0394206 0.00155398 565.703 1.47899e+12 4.51194e+08 0.0384 0.040806 0.0394084 0.039219 0.000819 0 
0 0 0 599.844 359812 1361.43 1.85349e+06 -0.00270558 2.02984e-11 -5.7575e-09 95 1554 1229.5 1554 0 0.0176685 0.000312176 0.055328 0.00306119 113.144 1.29297e+07 104866 0.039219 0.076032 0.0525796 0.040806 0.001587 0 
0 0 0 599.844 359812 1361.43 1.85349e+06 -0.00270558 2.02984e-11 -5.7575e-09 95 1554 1229.5 1554 0 0.0165619 0.000274298 0.0674251 0.00454614 -115.58 2.11342e+07 -177911 0.040806 0.076032 0.0654642 0.076032 0 0 
0 0 0 534.501 285691 1433.19 2.05403e+06 -0.00229811 5.35525e-11 -1.18873e-08 95 1554 1335.15 1554 0 0.000776615 6.03131e-07 0.0765912 0.00586621 2762.83 3.46247e+12 1.24336e+09 0.076032 0.077619 0.0765874 0.076032 0 0 
0 0 0 0 0 1554 2.41492e+06 nan nan nan 1554 1554 1554 1554 0 0.00106459 1.13336e-06 0.0773879 0.00598889 -630.12 1.61174e+12 1.2561e+08 0.076032 0.079206 0.077381 0.077619 0 0 
0 0 0 0 0 1554 2.41492e+06 nan nan nan 1554 1554 1554 1554 0 0.00097903 9.58499e-07 0.0785413 0.00616874 -2098.59 1.37887e+12 2.4674e+08 0.077619 0.080026 0.0785355 0.079206 0.001587 0 
0 0 0 595.279 354358 1370.43 1.87809e+06 -0.00264521 2.23734e-11 -6.26161e-09 95 1554 1241.55 1554 0 0.0161104 0.000259545 0.0884627 0.00782565 81.28 4.33876e+07 330192 0.077619 0.118426 0.0870579 0.080026 0.00082 0 
0 0 0 595.279 354358 1370.43 1.87809e+06 -0.00264521 2.23734e-11 -6.26161e-09 95 1554 1241.55 1554 0 0.0197413 0.000389721 0.102839 0.0105759 -133.965 6.18792e+06 -24258 0.079206 0.118426 0.101023 0.118426 0 0 
0 0 0 595.279 354358 1370.43 1.87809e+06 -0.00264521 2.23734e-11 -6.26161e-09 95 1554 1241.55 1554 0 0.0120706 0.0001457 0.115787 0.0134066 -66.6814 3.39899e+08 -1.38379e+06 0.080026 0.120832 0.115187 0.118426 0 0 
0 0 0 0 0 1554 2.41492e+06 nan nan nan 1554 1554 1554 1554 0 0.00125289 1.56974e-06 0.119914 0.0143794 -1765.9 4.51318e+11 -1.61816e+08 0.118426 0.1216 0.119908 0.120832 0 0 
0 0 0 0 0 1554 2.41492e+06 nan nan nan 1554 1554 1554 1554 0 0.000976148 9.52865e-07 0.121143 0.0146756 967.188 7.40856e+12 2.28504e+08 0.118426 0.124006 0.121139 0.120832 0 0 
0 0 0 50.7587 2576.45 1543.44 2.38222e+06 -0.0132159 2.45439e-06 -2.92381e-05 1327 1554 1542.65 1554 0 0.00140281 1.96787e-06 0.122378 0.0149764 1174.47 2.92488e+11 8.92263e+07 0.120832 0.124006 0.12237 0.1216 0.000768 0 
0 0 0 0 0 106 11236 nan nan nan 106 106 106 106 0 0.0031993 1.02355e-05 0.00628606 3.95146e-05 189.077 1.66956e+10 1.50941e+06 0.000819 0.009626 0.0054581 0.004813 0.003994 0 
0 0 0 0 0 106 11236 nan nan nan 106 106 106 106 0 0.00404745 1.63819e-05 0.0098489 9.70008e-05 -110.189 9.3209e+09 1.03994e+07 0.004813 0.016845 0.0090243 0.009626 0.004813 0 
0 0 0 0 0 106 11236 nan nan nan 106 106 106 106 0 0.00370327 1.37142e-05 0.0137189 0.000188207 -789.583 4.79851e+09 2.38419e-08 0.009626 0.016845 0.0132355 0.016845 0.007219 0 
0 0 0 0 0 106 11236 nan nan nan 106 106 106 106 0 0.00402755 1.62212e-05 0.0178651 0.000319163 107.915 9.57009e+09 -1.07385e+07 0.009626 0.021606 0.0174285 0.016845 0.004761 0 
0 0 0 0 0 106 11236 nan nan nan 106 106 106 106 0 0.00334088 1.11615e-05 0.0214251 0.000459035 -115.522 1.29727e+10 -1.93882e+06 0.016845 0.0256 0.0211762 0.021606 0.003994 0 
0 0 0 0 0 106 11236 nan nan nan 106 106 106 106 0 0.0028006 7.84335e-06 0.0246354 0.000606903 -426.973 4.01127e+10 2.48879e+07 0.021606 0.030413 0.0244837 0.0256 0.003994 0 
0 0 0 0 0 106 11236 nan nan nan 106 106 106 106 0 0.00278267 7.74325e-06 0.0276993 0.000767249 761.753 2.78516e+10 -8.62419e+06 0.021606 0.030413 0.0275662 0.0256 0.003994 0 
0 0 0 0 0 106 11236 nan nan nan 106 106 106 106 0 0.00324836 1.05518e-05 0.03101 0.00096162 123.661 1.67633e+10 -1.12171e+07 0.0256 0.034406 0.030848 0.030413 0.003993 0 
0 0 0 0 0 106 11236 nan nan nan 106 106 106 106 0 0.00387352 1.50042e-05 0.0350556 0.00122889 89.1152 8.9144e+09 7.04043e+06 0.030413 0.043213 0.0348517 0.034406 0.003993 0 
0 0 0 0 0 106 11236 nan nan nan 106 106 106 106 0 0.0203007 0.00041212 0.0549737 0.00302211 87.8649 7.72495e+06 67513.1 0.034406 0.079206 0.0512893 0.039219 0.004813 0 
0 0 0 0 0 106 11236 nan nan nan 106 106 106 106 0 0.0207397 0.000430136 0.0726001 0.00527077 -66.0974 8.47151e+06 -69438.5 0.039219 0.092006 0.069729 0.079206 0.008807 0 
0 0 0 0 0 106 11236 nan nan nan 106 106 106 106 0 0.00606798 3.68204e-05 0.0866478 0.00750785 -453.03 7.89342e+08 -1.00338e+06 0.079206 0.092006 0.0864458 0.092006 0.003993 0 
0 0 0 0 0 106 11236 nan nan nan 106 106 106 106 0 0.00388355 1.5082e-05 0.0922067 0.00850208 24.4663 1.49002e+10 -1.42497e+07 0.0832 0.096819 0.092129 0.092006 0 0 
0 0 0 0 0 106 11236 nan nan nan 106 106 106 106 0 0.00395248 1.56221e-05 0.0960873 0.00923276 -155.357 7.32753e+09 7.00792e+06 0.092006 0.1024 0.09601 0.096819 0.004813 0 
0 0 0 0 0 106 11236 nan nan nan 106 106 106 106 0 0.00329061 1.08281e-05 0.0996995 0.00993999 -762.486 1.65625e+10 -1.56782e+07 0.092006 0.1024 0.0996479 0.1024 0 0 
0 0 0 0 0 106 11236 nan nan nan 106 106 106 106 0 0.00282728 7.99349e-06 0.103092 0.010628 245.975 4.67773e+10 -2.49449e+07 0.096819 0.106445 0.103055 0.1024 0 0 
0 0 0 0 0 106 11236 nan nan nan 106 106 106 106 0 0.00345538 1.19396e-05 0.106273 0.0112939 -56.6601 1.12716e+10 6.75643e+06 0.1024 0.111206 0.106219 0.106445 0.004045 0 
0 0 0 0 0 106 11236 nan nan nan 106 106 106 106 0 0.00297304 8.83898e-06 0.109739 0.0120427 -510.806 2.27661e+10 6.55319e+06 0.106445 0.1152 0.109701 0.111206 0.003994 0 
0 0 0 0 0 106 11236 nan nan nan 106 106 106 106 0 0.00329418 1.08516e-05 0.113292 0.0128351 564.123 2.38261e+10 1.06494e+07 0.106445 0.120013 0.113247 0.111206 0.003994 0 
0 0 0 0 0 106 11236 nan nan nan 106 106 106 106 0 0.00409528 1.67713e-05 0.117034 0.0136971 315.96 6.31164e+09 980948 0.111206 0.124006 0.116966 0.1152 0.003994 0 
0 0 0 882.745 779238 3068.78 9.41742e+06 -0.000655641 3.85845e-12 -1.31648e-09 1254 3716 2945.7 3116 600 0.00506628 2.56672e-05 0.013894 0.000193042 -73.8861 2.83725e+09 1.05596e+06 0.004813 0.020838 0.0129868 0.013619 0.003993 0 
0 0 0 913.405 834310 2929.93 8.58451e+06 -0.00108089 2.52749e-12 -7.14994e-10 1254 3716 2791.4 3092 624 0.00609163 3.7108e-05 0.0204298 0.000417377 -104.29 9.96545e+08 251666 0.011213 0.028826 0.019548 0.020838 0.0064 0 
1554 0.418192 0.0292347 861.382 741980 2787.25 7.76878e+06 -0.000542602 3.08227e-12 -5.8117e-10 1254 3716 2657.8 2792 624 0.0076615 5.86985e-05 0.0287671 0.000827548 27.752 4.94432e+08 344867 0.014438 0.0384 0.027781 0.027238 0.0064 0 
1554 0.418192 0.0258182 876.3 767902 3128.35 9.7866e+06 -0.00158809 3.80217e-12 -1.27607e-09 1254 3716 3009.5 3416 300 0.019365 0.000375003 0.0486632 0.00236811 51.6296 1.21041e+07 87564.2 0.024832 0.0768 0.0448537 0.0384 0.011981 0 
0 0 0 908.399 825189 3013.03 9.07833e+06 -0.000770732 2.97728e-12 -9.8613e-10 1254 3716 2880 3092 624 0.020581 0.000423579 0.0680382 0.00462919 -83.4759 7.51639e+06 -38350.3 0.034406 0.088832 0.0650138 0.0768 0.012032 0 
0 0 0 864.262 746949 3054.65 9.33087e+06 -0.000625746 4.14764e-12 -1.39437e-09 1254 3716 2936.2 3092 600 0.0125648 0.000157875 0.0863284 0.00745259 -64.1652 1.03797e+08 -274663 0.054426 0.103219 0.0854553 0.088832 0.009574 0 
0 0 0 757.284 573480 2880.18 8.29546e+06 -0.00161122 7.93284e-12 -2.34289e-09 1254 3716 2784 3092 24 0.00803044 6.4488e-05 0.0970967 0.00942778 -75.6071 4.76107e+08 -1.21025e+06 0.080845 0.105626 0.0967807 0.098406 0.004813 0 
0 0 0 711.699 506516 3034.35 9.20731e+06 -0.000817349 2.49551e-11 -5.25e-09 654 3716 2954 3092 0 0.00492523 2.42579e-05 0.10485 0.0109935 -109.591 2.94634e+09 1.56796e+06 0.098406 0.112026 0.10474 0.105626 0.004812 0 
0 0 0 883.728 780975 2886.7 8.33305e+06 -0.00129377 4.75059e-12 -1.55945e-09 654 3716 2755.2 3092 324 0.00688879 4.74555e-05 0.112025 0.0125496 -12.8015 6.05826e+08 523516 0.103219 0.1216 0.111824 0.112026 0.0064 0 
3040 0.818084 0.0595308 869.406 755866 2690.24 7.23741e+06 -0.00094739 3.96454e-12 -1.0196e-09 654 3716 2553.3 2792 300 0.00615957 3.79403e-05 0.119097 0.014184 -209.907 1.35271e+09 -2.43371e+06 0.105626 0.125645 0.118945 0.1216 0.004045 0 
0 0 0 758.408 575183 2884.62 8.32104e+06 -0.0013128 6.59732e-12 -1.13154e-09 1202 3716 2788.3 3040 548 0.00610979 3.73295e-05 0.126724 0.0160591 75.4911 1.43653e+09 2.66701e+06 0.119245 0.138445 0.126584 0.125645 0.004045 0 
2492 0.670614 0.0483358 797.843 636554 2692.54 7.24978e+06 0.000404365 4.76246e-12 -6.00259e-11 1254 3716 2577.8 2492 548 0.0080429 6.46883e-05 0.134496 0.0180891 -117.752 3.5601e+08 233800 0.124006 0.146432 0.134267 0.136806 0.008807 0 
0 0 0 820.426 673099 2965.74 8.79561e+06 -0.0010523 4.79934e-12 -1.12525e-09 1254 3716 2855.9 3092 624 0.00651259 4.24139e-05 0.142848 0.0204056 -205.532 8.43079e+08 -1.23997e+06 0.131226 0.150426 0.142707 0.145613 0.004813 0 
0 0 0 848.289 719594 2738.21 7.4978e+06 -0.000757094 3.69357e-12 -5.70721e-10 1254 3716 2610.4 2792 600 0.0117934 0.000139084 0.153621 0.0235994 93.8812 1.37944e+08 647752 0.139213 0.176026 0.15319 0.148838 0.003225 0 
3092 0.832078 0.0546947 764.494 584451 2923.17 8.5449e+06 0.000177602 6.965e-12 -1.00513e-09 1254 3716 2826.6 2792 324 0.0134835 0.000181805 0.165275 0.0273158 -186.044 2.99437e+07 -71752.1 0.148838 0.178432 0.164751 0.176026 0.003994 0 
2492 0.670614 0.0455509 762.595 581551 2834.59 8.03489e+06 0.00125561 6.68914e-12 -2.92082e-10 1254 3716 2735.4 2492 300 0.0135375 0.000183265 0.181544 0.0329582 43.0827 7.40001e+07 -174797 0.152832 0.196813 0.181064 0.178432 0.0064 0 
2492 0.670614 0.047723 974.618 949879 2778.34 7.71918e+06 0.000375521 1.80545e-12 -2.21134e-10 954 3716 2610.9 2492 1224 0.0108674 0.000118101 0.192796 0.0371701 -109.448 1.51235e+08 -177760 0.176026 0.215245 0.192504 0.196813 0.003225 0 
2492 0.670614 0.0567731 970.782 942419 2389.98 5.71201e+06 -0.000946395 1.9541e-12 3.47712e-10 954 3716 2194.7 2492 938 0.0137028 0.000187767 0.209131 0.0437357 138.458 3.37814e+07 168602 0.196813 0.228045 0.208704 0.200038 0.003225 0 
0 0 0 852.419 726619 1975.96 3.90442e+06 0.000985937 4.75777e-12 1.50409e-09 954 3716 1792.8 1554 600 0.0148514 0.000220565 0.222495 0.049504 -59.6083 4.05102e+07 -130495 0.197632 0.245606 0.222023 0.226406 0.0064 0 
0 0 0 882.399 778628 2270.77 5.15642e+06 -0.00150419 2.40509e-12 2.62672e-10 954 3416 2101.6 2492 938 0.0157763 0.00024889 0.241432 0.0582895 98.0667 2.58329e+07 144825 0.224819 0.265626 0.240942 0.232806 0.007987 0 
864 0.555985 0.0297828 252.78 63897.6 1471.28 2.16465e+06 -0.00485934 1.07054e-09 -1.12383e-07 864 1554 1450.5 1554 0 1.02927 1.0594 1.74869 3.05791 0.578442 1.56654 0.194515 0.203213 3.27521 1.4323 1.22803 1.02318 0 
864 0.555985 0.0297828 252.78 63897.6 1471.28 2.16465e+06 -0.00485934 1.07054e-09 -1.12383e-07 864 1554 1450.5 1554 0 1.06488 1.13396 2.80875 7.88905 0.949049 1.33014 0.0952424 1.22803 4.30003 2.60994 2.25121 1.02318 0 
864 0.555985 0.0297828 252.78 63897.6 1471.28 2.16465e+06 -0.00485934 1.07054e-09 -1.12383e-07 864 1554 1450.5 1554 0 1.07692 1.15975 3.93037 15.4478 -1.32549 1.25493 -3.10862e-15 2.25121 5.32403 3.78762 4.30003 1.02482 0 
864 0.555985 0.0297828 252.78 63897.6 1471.28 2.16465e+06 -0.00485934 1.07054e-09 -1.12383e-07 864 1554 1450.5 1554 0 1.58561 2.51417 5.51815 30.45 -0.0318849 0.3272 0.143809 3.27521 8.28964 5.29731 5.32403 1.024 0 
864 0.555985 0.0290909 212.378 45104.2 1499.36 2.24807e+06 -0.00458937 3.59827e-09 -2.57768e-07 864 1554 1485 1554 0 1.92451 3.70372 7.3964 54.7068 -0.0899439 0.105324 -0.00488682 4.30003 10.3376 7.1546 7.26564 1.94161 0 
0 0 0 154.289 23805 1526.92 2.3315e+06 -0.00434783 2.87509e-08 -1.04107e-06 864 1554 1519.5 1554 0 1.65041 2.72387 9.33571 87.1555 -0.129478 0.316462 -0.102743 5.32403 11.2592 9.19608 9.31364 1.024 0 
864 0.555985 0.0284304 154.289 23805 1526.92 2.3315e+06 -0.00434783 2.87509e-08 -1.04107e-06 864 1554 1519.5 1554 0 1.37418 1.88837 11.0283 121.624 -0.496563 0.507343 -0.0705858 8.28964 13.3072 10.9467 11.2592 1.02318 0 
864 0.555985 0.0284304 154.289 23805 1526.92 2.3315e+06 -0.00434783 2.87509e-08 -1.04107e-06 864 1554 1519.5 1554 0 1.37649 1.89472 12.6157 159.155 0.414352 0.559163 0.0639408 10.3376 15.2528 12.5441 12.2824 1.02482 0 
864 0.555985 0.0284304 154.289 23805 1526.92 2.3315e+06 -0.00434783 2.87509e-08 -1.04107e-06 864 1554 1519.5 1554 0 1.59948 2.55834 14.3242 205.182 -0.108076 0.257475 0.0527878 12.2824 17.3048 14.2391 14.3312 1.024 0 
864 0.555985 0.0284304 154.289 23805 1526.92 2.3315e+06 -0.00434783 2.87509e-08 -1.04107e-06 864 1554 1519.5 1554 0 1.57809 2.49036 16.0804 258.58 -0.32545 0.281886 -0.0440744 13.3072 18.4272 16.0067 16.2768 1.02799 0 
864 0.555985 0.0284304 154.289 23805 1526.92 2.3315e+06 -0.00434783 2.87509e-08 -1.04107e-06 864 1554 1519.5 1554 0 1.43461 2.0581 17.7872 316.383 0.622833 0.462919 -0.0202583 15.2528 20.3728 17.7321 17.3048 1.12241 0 
864 0.555985 0.0284304 154.289 23805 1526.92 2.3315e+06 -0.00434783 2.87509e-08 -1.04107e-06 864 1554 1519.5 1554 0 1.47026 2.16167 19.4231 377.255 0.0295311 0.337688 -0.00622456 17.3048 21.3968 19.3701 19.3488 1.024 0 
82 0.0527671 0.00276952 329.149 108339 1514.76 2.29451e+06 -0.00203804 1.38809e-09 -1.07227e-07 82 1554 1480.4 1554 0 1.58017 2.49693 21.1882 448.942 -0.317958 0.332594 0.0529878 18.4272 24.3664 21.1322 21.3968 1.024 0 
82 0.0527671 0.00276952 329.149 108339 1514.76 2.29451e+06 -0.00203804 1.38809e-09 -1.07227e-07 82 1554 1480.4 1554 0 1.74127 3.03202 23.0993 533.576 -0.302372 0.158902 0.00509471 20.3728 25.3904 23.0368 23.3424 1.9456 0 
0 0 0 0 0 1554 2.41492e+06 nan nan nan 1554 1554 1554 1554 0 1.72032 2.9595 25.1035 630.184 -0.347735 0.196585 -0.0346538 22.3184 27.336 25.0474 25.3904 1.024 0 
0 0 0 0 0 1554 2.41492e+06 nan nan nan 1554 1554 1554 1554 0 1.72315 2.96924 27.1116 735.04 -0.279345 0.214055 0.0241166 24.3664 30.408 27.0596 27.336 1.024 0 
0 0 0 0 0 1554 2.41492e+06 nan nan nan 1554 1554 1554 1554 0 1.78328 3.18008 29.1553 850.031 -0.264712 0.143773 -0.00786602 26.312 31.3336 29.1034 29.384 1.94959 0 
864 0.555985 0.0284304 154.289 23805 1526.92 2.3315e+06 -0.00434783 2.87509e-08 -1.04107e-06 864 1554 1519.5 1554 0 1.62804 2.6505 31.0546 964.386 -0.361784 0.270854 -0.0488242 28.36 33.3816 31.014 31.3336 1.02001 0 
864 0.555985 0.0290909 212.378 45104.2 1499.36 2.24807e+06 -0.00458937 3.59827e-09 -2.57768e-07 864 1554 1485 1554 0 1.28072 1.64025 32.6922 1068.78 -1.30458 0.572156 -0.0328792 30.408 34.4016 32.6684 33.3816 1.02799 0 
864 0.555985 0.0284304 154.289 23805 1526.92 2.3315e+06 -0.00434783 2.87509e-08 -1.04107e-06 864 1554 1519.5 1554 0 1.36493 1.86304 34.3262 1178.29 -0.162962 0.488859 0.0672337 32.3536 36.4496 34.3004 34.4016 1.024 0 
0 0 0 0 0 106 11236 nan nan nan 106 106 106 106 0 0.00155871 2.42958e-06 0.00306954 9.42206e-06 322.525 4.59633e+11 3.2505e+08 0.001638 0.005632 0.0026672 0.002406 0.000768 0 
0 0 0 0 0 106 11236 nan nan nan 106 106 106 106 0 0.00208424 4.34407e-06 0.00475857 2.2644e-05 -917.698 6.61151e+10 -2.81505e+06 0.001638 0.007219 0.00430315 0.005632 0.001587 0 
0 0 0 0 0 106 11236 nan nan nan 106 106 106 106 0 0.00251783 6.33947e-06 0.00740233 5.47946e-05 -111.35 5.38603e+10 2.65537e+06 0.002406 0.011213 0.0069837 0.007219 0.001587 0 
0 0 0 0 0 106 11236 nan nan nan 106 106 106 106 0 0.00228964 5.24243e-06 0.00960194 9.21972e-05 -164.237 5.88819e+10 -3.35698e+07 0.005632 0.0128 0.009339 0.009626 0.001587 0 
0 0 0 0 0 106 11236 nan nan nan 106 106 106 106 0 0.00288427 8.31903e-06 0.0129652 0.000168098 520.662 2.92928e+10 3.15118e+07 0.009626 0.017613 0.0126568 0.011213 0.001587 0 
0 0 0 0 0 106 11236 nan nan nan 106 106 106 106 0 0.0029089 8.46173e-06 0.0155164 0.000240758 -835.946 1.77435e+10 -1.6321e+07 0.011213 0.018432 0.0152551 0.017613 0.000819 0 
0 0 0 0 0 106 11236 nan nan nan 106 106 106 106 0 0.00123697 1.5301e-06 0.0177409 0.00031474 170.381 2.1735e+12 -8.41838e+08 0.014438 0.0192 0.0176999 0.017613 0.000819 0 
0 0 0 0 0 106 11236 nan nan nan 106 106 106 106 0 0.0024945 6.22253e-06 0.0201359 0.000405456 750.466 3.27627e+10 3.13517e+07 0.017613 0.023245 0.0199886 0.018432 0.000819 0 
0 0 0 0 0 106 11236 nan nan nan 106 106 106 106 0 0.00244326 5.96952e-06 0.0223227 0.000498302 -527.53 4.60191e+10 -4.27894e+07 0.018432 0.024832 0.0221953 0.023245 0.001587 0 
0 0 0 297.61 88571.7 338.156 114350 0.00229644 2.07548e-09 1.44979e-07 106 1438 173.8 106 0 0.34911 0.121878 0.404502 0.163622 4.77249 155.599 26.3891 0.023245 0.919245 0.218719 0.024832 0.001587 0 
0 0 0 404.563 163671 460.965 212489 0.00243323 2.73396e-10 3.72905e-08 106 1438 238.75 106 0 0.441179 0.194639 0.693015 0.48027 -2.94299 28.5053 -3.52914 0.023245 0.978432 0.543473 0.734413 0.2432 0 
0 0 0 404.563 163671 460.965 212489 0.00243323 2.73396e-10 3.72905e-08 106 1438 238.75 106 0 0.218991 0.0479572 0.904145 0.817479 -6.1945 5045.95 -281.182 0.024832 0.986419 0.878589 0.977613 0.024781 0 
0 0 0 290.465 84370.1 330.72 109375 0.00230947 2.28882e-09 1.56027e-07 106 1405 170.95 106 0 0.0188577 0.000355614 0.976275 0.953114 -46.4298 4.07304e+07 -278532 0.925645 0.992 0.976102 0.981606 0.004813 0 
0 0 0 0 0 106 11236 nan nan nan 106 106 106 106 0 0.00445467 1.98441e-05 0.987463 0.975083 156.364 4.85289e+09 -4.92705e+06 0.978432 0.992 0.987453 0.986419 0.005581 0 
0 0 0 0 0 106 11236 nan nan nan 106 106 106 106 0 0.00267398 7.15017e-06 0.990895 0.981873 -465.136 4.0348e+10 -5.2832e+07 0.986419 0.992819 0.990891 0.992 0.000819 0 
0 0 0 0 0 106 11236 nan nan nan 106 106 106 106 0 0.00594509 3.53441e-05 0.994992 0.990008 182.975 5.42873e+09 1.09451e+07 0.992 1.01202 0.994975 0.992819 0.000819 0 
0 0 0 0 0 106 11236 nan nan nan 106 106 106 106 0 0.00939467 8.82598e-05 1.00198 1.00397 228.226 1.23143e+08 195685 0.992819 1.01202 1.00194 0.995226 0.002407 0 
0 0 0 0 0 106 11236 nan nan nan 106 106 106 106 0 0.0068917 4.74956e-05 1.00868 1.01744 -212.142 1.30024e+09 -4.24324e+06 0.995226 1.01202 1.00866 1.01202 0 0 
0 0 0 0 0 106 11236 nan nan nan 106 106 106 106 0 0.00146319 2.14093e-06 1.01262 1.0254 839.495 9.53605e+11 5.79461e+08 1.01202 1.01601 1.01262 1.01202 0 0 
0 0 0 0 0 106 11236 nan nan nan 106 106 106 106 0 0.00448121 2.00812e-05 1.016 1.03225 -3.85435 2.96786e+09 3.96966e+06 1.01202 1.02164 1.01599 1.01601 0.003994 0 
106 0.170144 0.024379 209.076 43712.8 297.976 88789.9 0.0068218 1.50991e-09 1.48668e-07 106 623 217.4 118 12 0.0294026 0.000864515 2.34708 5.50876 4.42254 1.93375e+06 9323.41 2.29842 2.39201 2.3469 2.34563 0.022426 0 
106 0.0682111 0.0142492 446.975 199787 572.839 328144 0.00336284 1.24547e-10 1.97395e-08 106 1554 371.95 148 42 0.0286087 0.000818459 2.37651 5.64781 -33.9594 2.70543e+06 -26088.3 2.32561 2.40563 2.37635 2.38561 0.020019 0 
144 0.0926641 0.00899326 704.724 496635 1054.88 1.11276e+06 0.00200912 3.9184e-12 4.18518e-10 106 1554 800.6 468 362 0.0110791 0.000122746 2.39952 5.75772 -149.854 1.21824e+08 -544771 2.37763 2.40881 2.3995 2.40563 0.003174 0 
144 0.0926641 0.00554038 526.078 276758 1397.05 1.95175e+06 -0.00275818 4.12743e-11 -9.8886e-09 144 1554 1299.55 1554 0 0.00269898 7.2845e-06 2.40746 5.79584 -556.613 1.66227e+11 -1.21541e+08 2.39764 2.40881 2.40745 2.40881 0 0 
0 0 0 528.424 279232 1401.75 1.9649e+06 -0.00268916 4.56049e-11 -1.04657e-08 106 1554 1303.7 1554 0 0.000992942 9.85934e-07 2.40913 5.8039 981.608 7.53065e+12 2.52222e+09 2.40881 2.41203 2.40913 2.40881 0 0 
0 0 0 695.015 483046 1080.09 1.16659e+06 -0.000513927 4.3002e-12 -1.3694e-11 106 1554 841.25 924 630 0.0113516 0.000128858 2.41696 5.84169 189.235 1.10807e+08 560196 2.40881 2.4384 2.41693 2.40881 0 0 
0 0 0 516.004 266260 675.168 455852 0.0035317 3.80638e-11 8.16165e-09 106 1554 450.45 137 31 0.0285247 0.000813661 2.43934 5.95037 14.5808 3.22955e+06 26817.9 2.40881 2.50322 2.43918 2.43523 0.023194 0 
0 0 0 378.142 142991 499.208 249209 0.00458839 1.59984e-10 2.34178e-08 106 1344 336.7 118 12 0.0442463 0.00195773 2.4824 6.16229 5.49245 379767 2871.84 2.42724 2.54802 2.48202 2.47844 0.041575 0 
0 0 0 252.667 63840.8 357.248 127626 0.00661646 8.46812e-10 8.49351e-08 106 928 258.8 118 12 0.0350202 0.00122642 2.52389 6.37003 -59.5839 1.11781e+06 -14077.3 2.45842 2.56 2.52366 2.54802 0.011981 0 
0 0 0 234.501 54990.9 325.499 105949 0.00620557 1.62633e-09 1.36877e-07 106 928 231.75 118 12 0.0167033 0.000278999 2.55587 6.53245 -19.6834 3.40775e+07 -130143 2.52001 2.58002 2.55581 2.55764 0.0128 0 
0 0 0 196.524 38621.8 316.655 100270 0.0104203 1.5256e-09 1.24495e-07 106 623 252.15 118 12 0.0126756 0.00016067 2.57165 6.61338 -22.0345 6.58392e+07 -194930 2.55043 2.58801 2.57162 2.5728 0.010445 0 
0 0 0 221.406 49020.7 347.835 120990 0.00947355 7.18157e-10 6.86542e-08 106 667 272.8 118 12 0.0155213 0.000240911 2.58899 6.70284 51.1657 3.32005e+07 174300 2.57121 2.61683 2.58894 2.58483 0.012032 0 
0 0 0 207.699 43138.8 312.566 97697.3 0.00919011 1.30578e-09 1.23388e-07 106 667 238.15 106 0 0.0157597 0.000248368 2.60476 6.78475 -69.111 1.90196e+07 -79973.8 2.58324 2.62165 2.60471 2.61043 0.011213 0 
0 0 0 75.3387 5675.92 163.292 26664.3 0.0210627 3.25062e-07 6.27698e-06 106 432 145.85 106 0 0.00854812 7.30704e-05 2.61864 6.85727 -25.1059 1.17766e+09 -2.7135e+06 2.59041 2.62881 2.61863 2.61924 0.004762 0 
0 0 0 147.47 21747.4 256.671 65880.1 0.00767678 4.25191e-09 2.98572e-07 106 458 212.65 157 51 0.00538484 2.89965e-05 2.62627 6.89728 -14.8001 1.71677e+09 104795 2.61842 2.63363 2.62626 2.62641 0.004813 0 
0 0 0 160.944 25903.1 329.885 108824 -0.00819979 1.50103e-09 -3.14426e-09 106 458 290.2 361 180 0.00403243 1.62605e-05 2.63134 6.92395 -271.025 7.06592e+09 -7.53786e+06 2.624 2.6368 2.63134 2.63281 0.003174 0 
0 0 0 210.147 44161.9 393.595 154917 -0.0080771 9.98345e-10 2.39887e-08 106 798 336.1 455 168 0.00440084 1.93674e-05 2.63682 6.95281 121.348 4.62976e+09 6.44197e+06 2.63122 2.64561 2.63682 2.63603 0.003226 0 
0 0 0 260.779 68005.6 395.071 156081 0.00813683 4.39842e-10 4.6417e-08 106 798 302.45 118 12 0.00576205 3.32012e-05 2.64219 6.98115 -92.0568 1.57443e+09 -253032 2.63363 2.65283 2.64218 2.6432 0.004045 0 
0 0 0 261.414 68337.5 349.071 121851 0.00582111 6.64567e-10 7.92867e-08 106 798 238.6 106 0 0.0385394 0.00148528 2.66669 7.11126 35.5435 1.28884e+06 23174.1 2.64085 2.74084 2.66643 2.64883 0.005632 0 
0 0 0 205.373 42178.1 267.569 71593.1 0.00508914 4.03292e-09 2.80071e-07 106 775 177.55 106 0 0.0463072 0.00214436 2.70161 7.29872 -55.4016 209887 -2004.14 2.64724 2.74483 2.70124 2.74084 0.003994 0 
0 0 0 863.272 745239 2012.35 4.04956e+06 0.001103 3.94142e-12 4.23975e-10 106 3416 1828 1554 600 0.0220324 0.000485429 1.21445 1.47489 38.6182 1.04709e+07 31951.8 1.16721 1.24882 1.21426 1.20801 0.0064 0 
0 0 0 802.237 643584 2521.41 6.35749e+06 -0.00251203 3.38123e-12 -6.77691e-10 954 3416 2397.1 2936 480 0.0221037 0.000488572 1.23509 1.52544 -85.4641 4.7e+06 -28594.6 1.20643 1.25921 1.2349 1.24882 0.010394 0 
0 0 0 781.935 611422 2679.38 7.17907e+06 -0.00256762 5.87325e-12 -2.01873e-09 994 3092 2568.7 3092 0 0.0118743 0.000140998 1.25407 1.5727 -110.464 4.03971e+08 -1.22386e+06 1.21201 1.26561 1.25402 1.25921 0.0064 0 
0 0 0 828.749 686826 2701.4 7.29754e+06 -0.00224598 4.07249e-12 -1.56868e-09 994 3312 2577.8 3092 0 0.00680576 4.63183e-05 1.26364 1.59678 -79.2548 9.61564e+08 -653132 1.25123 1.27601 1.26362 1.26484 0.005581 0 
0 0 0 833.021 693924 2710.08 7.34456e+06 -0.00218929 3.98873e-12 -1.55373e-09 994 3312 2585.6 3092 0 0.00700794 4.91113e-05 1.27191 1.61776 89.7472 6.10553e+08 -120876 1.25921 1.28 1.2719 1.27043 0.0064 0 
0 0 0 675.786 456687 2836.54 8.04593e+06 -0.00218749 1.4542e-11 -4.42294e-09 1190 3312 2759 3092 0 0.0144179 0.000207877 1.28273 1.64539 38.277 1.66008e+08 693407 1.27043 1.3312 1.28265 1.28 0.004813 0 
0 0 0 668.057 446301 2824.09 7.97549e+06 -0.00231234 1.53745e-11 -4.65592e-09 1190 3092 2748 3092 0 0.026052 0.000678705 1.30483 1.70258 87.3792 2.27286e+06 14884.9 1.28 1.33525 1.30458 1.28481 0.004813 0 
0 0 0 668.057 446301 2824.09 7.97549e+06 -0.00231234 1.53745e-11 -4.65592e-09 1190 3092 2748 3092 0 0.0218104 0.000475693 1.32548 1.7569 -62.6434 1.0964e+07 -111505 1.28481 1.34323 1.32531 1.33525 0.003993 0 
0 0 0 563.443 317467 2913.53 8.48863e+06 -0.00218007 4.33686e-11 -1.0148e-08 1554 3092 2861.3 3092 0 0.00485832 2.36032e-05 1.34048 1.7969 157.199 5.0743e+09 6.61058e+06 1.33525 1.35122 1.34047 1.33924 0.003993 0 
0 0 0 473.386 224095 2974.21 8.84591e+06 -0.00205895 1.45769e-10 -2.32759e-08 1554 3092 2938.2 3092 0 0.00620553 3.85086e-05 1.34668 1.81354 267.435 8.74863e+08 695358 1.33924 1.35521 1.34666 1.34323 0.003994 0 
0 0 0 343.907 118272 3033.68 9.20319e+06 -0.00195059 1.16472e-09 -9.40063e-08 1554 3092 3015.1 3092 0 0.00535244 2.86486e-05 1.35247 1.82918 -287.941 2.56503e+09 -4.58816e+06 1.34323 1.35844 1.35246 1.35521 0.003225 0 
0 0 0 0 0 3092 9.56046e+06 nan nan nan 3092 3092 3092 3092 0 0.0168198 0.000282905 1.36648 1.86727 84.2402 2.14395e+07 168723 1.35122 1.39843 1.36638 1.35844 0.003225 0 
0 0 0 0 0 3092 9.56046e+06 nan nan nan 3092 3092 3092 3092 0 0.0193254 0.000373471 1.38263 1.91167 -57.1458 9.23403e+06 -62087.8 1.35521 1.40242 1.3825 1.38962 0.0128 0 
0 0 0 343.907 118272 3033.68 9.20319e+06 -0.00195059 1.16472e-09 -9.40063e-08 1554 3092 3015.1 3092 0 0.0060162 3.61947e-05 1.39883 1.95673 -298.316 1.3687e+09 -2.37794e+06 1.38962 1.40641 1.39882 1.40242 0.003993 0 
0 0 0 343.907 118272 3033.68 9.20319e+06 -0.00195059 1.16472e-09 -9.40063e-08 1554 3092 3015.1 3092 0 0.00391343 1.53149e-05 1.40463 1.97298 -350.58 7.09267e+09 -1.80722e+06 1.39843 1.40964 1.40462 1.40641 0.003994 0 
0 0 0 385.683 148752 3073.38 9.44564e+06 -0.000840999 5.43497e-10 -4.4572e-08 1554 3796 3050.3 3092 0 0.00404483 1.63606e-05 1.409 1.98527 -118.703 7.80577e+09 -1.06424e+06 1.40242 1.41604 1.40899 1.40964 0.003225 0 
0 0 0 385.683 148752 3073.38 9.44564e+06 -0.000840999 5.43497e-10 -4.4572e-08 1554 3796 3050.3 3092 0 0.00388635 1.51037e-05 1.41344 1.99781 276.031 9.31559e+09 4.19876e+06 1.40641 1.4208 1.41343 1.41204 0.003993 0 
0 0 0 584.079 341148 3004.43 9.02659e+06 -0.00124872 6.04999e-11 -1.07583e-08 1086 3796 2950 3092 0 0.00853539 7.28529e-05 1.41961 2.0153 146.123 1.64144e+09 3.6235e+06 1.41204 1.45044 1.41959 1.41604 0.003993 0 
0 0 0 624.964 390579 2897.45 8.39524e+06 -0.00199166 3.16433e-11 -7.74368e-09 1086 3092 2832.7 3092 0 0.0163979 0.00026889 1.43327 2.05428 84.4841 1.61814e+07 74002.8 1.41604 1.45684 1.43319 1.42561 0.009575 0 
0 0 0 718.448 516167 2775.2 7.70173e+06 -0.00236319 9.05563e-12 -3.0801e-09 1086 3092 2685.4 3092 0 0.0143319 0.000205403 1.44718 2.09433 -83.0779 4.92841e+07 -309652 1.4208 1.46401 1.44711 1.4528 0.004045 0 